6299995
6299959
6288895
6288859
6277795
6277759
6266695
6266659
6255595
6255559
6244495
6244459
6233395
6233359
6222295
6222259
6211195
6211159
6200095
6200059
4399995
4399959
4388895
4388859
4377795
4377759
4366695
4366659
4355595
4355559
4344495
4344459
4333395
4333359
4322295
4322259
4311195
4311159
4300095
4300059
3499995
3499959
3488895
3488859
3477795
3477759
3466695
3466659
3455595
3455559
3444495
3444459
3433395
3433359
3422295
3422259
3411195
3411159
3400095
3400059
2699995
2699959
2688895
2688859
2677795
2677759
2666695
2666659
2655595
2655559
2644495
2644459
2633395
2633359
2622295
2622259
2611195
2611159
2600095
2600059
